<?xml version="1.0" encoding="UTF-8"?>
<testsuite xmlns:xsi="http://www.w3.org/2001/XMLSchema-instance" xsi:noNamespaceSchemaLocation="https://maven.apache.org/surefire/maven-surefire-plugin/xsd/surefire-test-report.xsd" name="deqo.lalo.mysimplestack.SimpleStackImplTest" time="0.001" tests="7" errors="0" skipped="0" failures="0">
  <properties>
[...]
</properties>
  <testcase name="testPop" classname="deqo.lalo.mysimplestack.SimpleStackImplTest" time="0"/>
  <testcase name="testPeekE" classname="deqo.lalo.mysimplestack.SimpleStackImplTest" time="0"/>
  <testcase name="testPeek" classname="deqo.lalo.mysimplestack.SimpleStackImplTest" time="0"/>
  <testcase name="testPopE" classname="deqo.lalo.mysimplestack.SimpleStackImplTest" time="0"/>
  <testcase name="testPush" classname="deqo.lalo.mysimplestack.SimpleStackImplTest" time="0.001"/>
  <testcase name="testGetSize" classname="deqo.lalo.mysimplestack.SimpleStackImplTest" time="0"/>
  <testcase name="testIsEmpty" classname="deqo.lalo.mysimplestack.SimpleStackImplTest" time="0"/>
</testsuite>